<?xml version="1.0" encoding="UTF-8"?>
<testsuite name="ru.mail.polis.open.task1.solution.AbstractFizzBuzzGameTest" tests="7" skipped="0" failures="0" errors="0" timestamp="2019-03-18T21:49:28" hostname="DESKTOP-CG32947" time="0.172">
  <properties/>
  <testcase name="multiplesOf15PrintFizzBuzz()" classname="ru.mail.polis.open.task1.solution.AbstractFizzBuzzGameTest" time="0.033"/>
  <testcase name="numberForGeneratedWordShouldBeInRangeFrom0To100()" classname="ru.mail.polis.open.task1.solution.AbstractFizzBuzzGameTest" time="0.01"/>
  <testcase name="fromAndToForPrintShouldBeInRangeFrom0To100()" classname="ru.mail.polis.open.task1.solution.AbstractFizzBuzzGameTest" time="0.042"/>
  <testcase name="multiplesOf5PrintFizz()" classname="ru.mail.polis.open.task1.solution.AbstractFizzBuzzGameTest" time="0.008"/>
  <testcase name="testNumber()" classname="ru.mail.polis.open.task1.solution.AbstractFizzBuzzGameTest" time="0.005"/>
  <testcase name="fromShouldBeLessOrEqualThanTo()" classname="ru.mail.polis.open.task1.solution.AbstractFizzBuzzGameTest" time="0.046"/>
  <testcase name="multiplesOf3PrintFizz()" classname="ru.mail.polis.open.task1.solution.AbstractFizzBuzzGameTest" time="0.002"/>
  <system-out><![CDATA[]]></system-out>
  <system-err><![CDATA[]]></system-err>
</testsuite>
