<?xml version="1.0" encoding="UTF-8"?>
<testsuite name="ru.mail.polis.open.task1.solution.ConsoleFizzBuzzGameTest" tests="1" skipped="0" failures="0" errors="0" timestamp="2019-03-18T21:49:28" hostname="DESKTOP-CG32947" time="0.006">
  <properties/>
  <testcase name="testPrint()" classname="ru.mail.polis.open.task1.solution.ConsoleFizzBuzzGameTest" time="0.006"/>
  <system-out><![CDATA[]]></system-out>
  <system-err><![CDATA[]]></system-err>
</testsuite>
